<?xml version="1.0" encoding="UTF-8"?>
<!-- Generated by org.testng.reporters.JUnitReportReporter -->
<testsuite hostname="POOJA-800" failures="0" tests="2" name="pom.Tests" time="9.242" errors="0" timestamp="2022-04-07T22:50:18 IST" skipped="0">
  <testcase classname="pom.Tests" name="TC02" time="6.264"/>
  <system-out/>
  <testcase classname="pom.Tests" name="TC01" time="2.978"/>
  <system-out/>
</testsuite> <!-- pom.Tests -->
