<?xml version="1.0" encoding="UTF-8"?>
<!-- Generated by org.testng.reporters.JUnitReportReporter -->
<testsuite hostname="POOJA-800" failures="0" tests="1" name="basic.New" time="0.058" errors="0" timestamp="2022-04-07T22:21:00 IST" skipped="0">
  <testcase classname="basic.New" name="sns" time="0.058"/>
  <system-out/>
</testsuite> <!-- basic.New -->
